<?xml version="1.0" encoding="UTF-8"?>
<!--
        JBoss, Home of Professional Open Source Copyright ${year}, Red Hat,
        Inc. and individual contributors by the @authors tag. See the
        copyright.txt in the distribution for a full listing of individual
        contributors. This is free software; you can redistribute it and/or
        modify it under the terms of the GNU Lesser General Public License as
        published by the Free Software Foundation; either version 2.1 of the
        License, or (at your option) any later version. This software is
        distributed in the hope that it will be useful, but WITHOUT ANY
        WARRANTY; without even the implied warranty of MERCHANTABILITY or
        FITNESS FOR A PARTICULAR PURPOSE. See the GNU Lesser General Public
        License for more details. You should have received a copy of the GNU
        Lesser General Public License along with this software; if not, write
        to the Free Software Foundation, Inc., 51 Franklin St, Fifth Floor,
        Boston, MA 02110-1301 USA, or see the FSF site: http://www.fsf.org.
    -->
<cdk:properties xmlns:xi="http://www.w3.org/2001/XInclude" xmlns:cdk="http://jboss.org/schema/richfaces/cdk/extensions"
    xmlns:xsi="http://www.w3.org/2001/XMLSchema-instance" xmlns="http://java.sun.com/xml/ns/javaee">
    <property>
        <description>
            Alternate textual description of the
            element rendered by this component.
        </description>
        <display-name>Alternate Text</display-name>
        <icon />
        <property-name>alt</property-name>
        <property-class>java.lang.String</property-class>
        <property-extension>
            <cdk:pass-through>true</cdk:pass-through>
        </property-extension>
    </property>

    <property>
        <description>
            If the value of this attribute is "off", render "off" as the value
            of the attribute. This indicates that the
            browser should
            disable its autocomplete feature for this component. This is
            useful for components that perform
            autocompletion and do not
            want the browser interfering. If this attribute is not set or the value
            is "on", render
            nothing.
        </description>
        <display-name>Enable or disable browser autocompletion.</display-name>
        <icon />
        <property-name>autocomplete</property-name>
        <property-class>java.lang.String</property-class>
    </property>

    <property>
        <description>
            The maximum number of characters that may
            be entered in this field.
        </description>
        <display-name>Maximum Length</display-name>
        <icon />
        <property-name>maxlength</property-name>
        <property-class>int</property-class>
        <property-extension>
            <cdk:pass-through>true</cdk:pass-through>
        </property-extension>
    </property>

    <property>
        <description>
            The number of characters used to determine
            the width of this field.
        </description>
        <display-name>Field Width</display-name>
        <icon />
        <property-name>size</property-name>
        <property-class>int</property-class>
        <property-extension>
            <cdk:pass-through>true</cdk:pass-through>
        </property-extension>
    </property>
</cdk:properties>
